<?xml version="1.0" encoding="UTF-8"?>
<testng-results ignored="0" total="3" passed="3" failed="0" skipped="0">
  <reporter-output>
  </reporter-output>
  <suite started-at="2019-10-06T00:22:00 EDT" name="newpackagetestNg.TestNgClass" finished-at="2019-10-06T00:22:22 EDT" duration-ms="22718">
    <groups>
    </groups>
    <test started-at="2019-10-06T00:22:00 EDT" name="Command line test" finished-at="2019-10-06T00:22:22 EDT" duration-ms="22718">
      <class name="newpackagetestNg.TestNgClass">
        <test-method is-config="true" signature="beforeTest()[pri:0, instance:newpackagetestNg.TestNgClass@10d59286]" started-at="2019-10-06T00:22:00 EDT" name="beforeTest" finished-at="2019-10-06T00:22:13 EDT" duration-ms="13723" status="PASS">
          <reporter-output>
          </reporter-output>
        </test-method> <!-- beforeTest -->
        <test-method signature="AgainPrint()[pri:0, instance:newpackagetestNg.TestNgClass@10d59286]" started-at="2019-10-06T00:22:13 EDT" name="AgainPrint" finished-at="2019-10-06T00:22:13 EDT" duration-ms="3" status="PASS">
          <reporter-output>
          </reporter-output>
        </test-method> <!-- AgainPrint -->
        <test-method signature="Justprint()[pri:0, instance:newpackagetestNg.TestNgClass@10d59286]" started-at="2019-10-06T00:22:13 EDT" name="Justprint" finished-at="2019-10-06T00:22:13 EDT" duration-ms="0" status="PASS">
          <reporter-output>
          </reporter-output>
        </test-method> <!-- Justprint -->
        <test-method signature="testEasy()[pri:0, instance:newpackagetestNg.TestNgClass@10d59286]" started-at="2019-10-06T00:22:13 EDT" name="testEasy" finished-at="2019-10-06T00:22:21 EDT" duration-ms="7316" status="PASS">
          <reporter-output>
          </reporter-output>
        </test-method> <!-- testEasy -->
        <test-method is-config="true" signature="afterTest()[pri:0, instance:newpackagetestNg.TestNgClass@10d59286]" started-at="2019-10-06T00:22:21 EDT" name="afterTest" finished-at="2019-10-06T00:22:22 EDT" duration-ms="1602" status="PASS">
          <reporter-output>
          </reporter-output>
        </test-method> <!-- afterTest -->
      </class> <!-- newpackagetestNg.TestNgClass -->
    </test> <!-- Command line test -->
  </suite> <!-- newpackagetestNg.TestNgClass -->
</testng-results>
