<?xml version="1.0" encoding="UTF-8"?>
<testng-results ignored="0" total="3" passed="3" failed="0" skipped="0">
  <reporter-output>
  </reporter-output>
  <suite started-at="2019-10-05T22:37:03 EDT" name="Suite" finished-at="2019-10-05T22:37:16 EDT" duration-ms="13290">
    <groups>
    </groups>
    <test started-at="2019-10-05T22:37:03 EDT" name="Test" finished-at="2019-10-05T22:37:16 EDT" duration-ms="13290">
      <class name="newpackagetestNg.TestNgClass">
        <test-method is-config="true" signature="beforeTest()[pri:0, instance:newpackagetestNg.TestNgClass@78aab498]" started-at="2019-10-05T22:37:03 EDT" name="beforeTest" finished-at="2019-10-05T22:37:07 EDT" duration-ms="4426" status="PASS">
          <reporter-output>
          </reporter-output>
        </test-method> <!-- beforeTest -->
        <test-method signature="AgainPrint()[pri:0, instance:newpackagetestNg.TestNgClass@78aab498]" started-at="2019-10-05T22:37:07 EDT" name="AgainPrint" finished-at="2019-10-05T22:37:07 EDT" duration-ms="8" status="PASS">
          <reporter-output>
          </reporter-output>
        </test-method> <!-- AgainPrint -->
        <test-method signature="Justprint()[pri:0, instance:newpackagetestNg.TestNgClass@78aab498]" started-at="2019-10-05T22:37:07 EDT" name="Justprint" finished-at="2019-10-05T22:37:07 EDT" duration-ms="4" status="PASS">
          <reporter-output>
          </reporter-output>
        </test-method> <!-- Justprint -->
        <test-method signature="testEasy()[pri:0, instance:newpackagetestNg.TestNgClass@78aab498]" started-at="2019-10-05T22:37:07 EDT" name="testEasy" finished-at="2019-10-05T22:37:15 EDT" duration-ms="7663" status="PASS">
          <reporter-output>
          </reporter-output>
        </test-method> <!-- testEasy -->
        <test-method is-config="true" signature="afterTest()[pri:0, instance:newpackagetestNg.TestNgClass@78aab498]" started-at="2019-10-05T22:37:15 EDT" name="afterTest" finished-at="2019-10-05T22:37:16 EDT" duration-ms="1097" status="PASS">
          <reporter-output>
          </reporter-output>
        </test-method> <!-- afterTest -->
      </class> <!-- newpackagetestNg.TestNgClass -->
    </test> <!-- Test -->
  </suite> <!-- Suite -->
</testng-results>
