<?xml version="1.0" encoding="UTF-8"?>
<!-- Generated by org.testng.reporters.JUnitXMLReporter -->
<testsuite ignored="0" hostname="JaiHo" failures="0" tests="3" name="Command line test" time="22.718" errors="0" timestamp="2019-10-06T00:22:27 EDT">
  <testcase classname="newpackagetestNg.TestNgClass" name="AgainPrint" time="0.003"/>
  <testcase classname="newpackagetestNg.TestNgClass" name="Justprint" time="0.0"/>
  <testcase classname="newpackagetestNg.TestNgClass" name="testEasy" time="7.316"/>
</testsuite> <!-- Command line test -->
